<?xml version="1.0" encoding="UTF-8"?>
<!-- Generated by org.testng.reporters.JUnitReportReporter -->
<testsuite hostname="IMLTW225" failures="0" tests="1" name="LoginTest.LoginTest" time="0.651" errors="0" timestamp="2024-09-26T14:08:05 IST" skipped="0">
  <testcase classname="LoginTest.LoginTest" name="LoginTest1" time="0.651"/>
  <system-out/>
</testsuite> <!-- LoginTest.LoginTest -->
